100 107 71 278 
100 116 80 296 
100 114 78 292 
100 106 70 276 
100 119 83 302 
200 252 116 568 
200 283 147 630 
200 273 137 610 
200 266 130 596 
200 278 142 620 
300 434 198 932 
300 472 236 1008 
300 460 224 984 
300 464 228 992 
300 415 179 894 
400 637 301 1338 
400 604 268 1272 
400 663 327 1390 
400 590 254 1244 
400 603 267 1270 
500 798 362 1660 
500 771 335 1606 
500 803 367 1670 
500 797 361 1658 
500 807 371 1678 
600 952 416 1968 
600 970 434 2004 
600 942 406 1948 
600 943 407 1950 
600 952 416 1968 
700 1132 496 2328 
700 1115 479 2294 
700 1144 508 2352 
700 1190 554 2444 
700 1177 541 2418 
800 1295 559 2654 
800 1326 590 2716 
800 1321 585 2706 
800 1365 629 2794 
800 1328 592 2720 
900 1462 626 2988 
900 1492 656 3048 
900 1505 669 3074 
900 1475 639 3014 
900 1510 674 3084 
1000 1560 624 3184 
1000 1593 657 3250 
1000 1714 778 3492 
1000 1645 709 3354 
1000 1685 749 3434 
100 98 62 260 
100 78 106 284 
100 66 94 260 
100 100 128 328 
100 61 89 250 
200 213 141 554 
200 232 160 592 
200 219 147 566 
200 238 166 604 
200 234 162 596 
300 345 173 818 
300 403 231 934 
300 415 243 958 
300 400 228 928 
300 349 177 826 
400 562 290 1252 
400 536 264 1200 
400 556 284 1240 
400 577 305 1282 
400 566 294 1260 
500 705 333 1538 
500 730 358 1588 
500 730 358 1588 
500 694 322 1516 
500 730 358 1588 
600 931 459 1990 
600 962 490 2052 
600 858 386 1844 
600 860 388 1848 
600 883 411 1894 
700 1084 512 2296 
700 1097 525 2322 
700 1092 520 2312 
700 1058 486 2244 
700 1055 483 2238 
800 1222 550 2572 
800 1289 617 2706 
800 1264 592 2656 
800 1253 581 2634 
800 1242 570 2612 
900 1384 612 2896 
900 1415 643 2958 
900 1364 592 2856 
900 1387 615 2902 
900 1437 665 3002 
1000 1535 663 3198 
1000 1550 678 3228 
1000 1585 713 3298 
1000 1610 738 3348 
1000 1562 690 3252 
